


ARM Macro Assembler    Page 1 


    1 00000000         ;/******************************************************
                       ********************//**
    2 00000000         ; * @file     startup_LPC17xx.s
    3 00000000         ; * @brief    CMSIS Cortex-M3 Core Device Startup File f
                       or
    4 00000000         ; *           NXP LPC17xx Device Series
    5 00000000         ; * @version  V1.10
    6 00000000         ; * @date     06. April 2011
    7 00000000         ; *
    8 00000000         ; * @note
    9 00000000         ; * Copyright (C) 2009-2011 ARM Limited. All rights rese
                       rved.
   10 00000000         ; *
   11 00000000         ; * @par
   12 00000000         ; * ARM Limited (ARM) is supplying this software for use
                        with Cortex-M
   13 00000000         ; * processor based microcontrollers.  This file can be 
                       freely distributed
   14 00000000         ; * within development tools that are supporting such AR
                       M based processors.
   15 00000000         ; *
   16 00000000         ; * @par
   17 00000000         ; * THIS SOFTWARE IS PROVIDED "AS IS".  NO WARRANTIES, W
                       HETHER EXPRESS, IMPLIED
   18 00000000         ; * OR STATUTORY, INCLUDING, BUT NOT LIMITED TO, IMPLIED
                        WARRANTIES OF
   19 00000000         ; * MERCHANTABILITY AND FITNESS FOR A PARTICULAR PURPOSE
                        APPLY TO THIS SOFTWARE.
   20 00000000         ; * ARM SHALL NOT, IN ANY CIRCUMSTANCES, BE LIABLE FOR S
                       PECIAL, INCIDENTAL, OR
   21 00000000         ; * CONSEQUENTIAL DAMAGES, FOR ANY REASON WHATSOEVER.
   22 00000000         ; *
   23 00000000         ; ******************************************************
                       ************************/
   24 00000000         
   25 00000000         ; *------- <<< Use Configuration Wizard in Context Menu 
                       >>> ------------------
   26 00000000         
   27 00000000         ; <h> Stack Configuration
   28 00000000         ;   <o> Stack Size (in Bytes) <0x0-0xFFFFFFFF:8>
   29 00000000         ; </h>
   30 00000000         
   31 00000000 00000200 
                       Stack_Size
                               EQU              0x00000200
   32 00000000         
   33 00000000                 AREA             STACK, NOINIT, READWRITE, ALIGN
=3
   34 00000000         Stack_Mem
                               SPACE            Stack_Size
   35 00000200         __initial_sp
   36 00000200         
   37 00000200         
   38 00000200         ; <h> Heap Configuration
   39 00000200         ;   <o>  Heap Size (in Bytes) <0x0-0xFFFFFFFF:8>
   40 00000200         ; </h>
   41 00000200         
   42 00000200 00000000 
                       Heap_Size



ARM Macro Assembler    Page 2 


                               EQU              0x00000000
   43 00000200         
   44 00000200                 AREA             HEAP, NOINIT, READWRITE, ALIGN=
3
   45 00000000         __heap_base
   46 00000000         Heap_Mem
                               SPACE            Heap_Size
   47 00000000         __heap_limit
   48 00000000         
   49 00000000         
   50 00000000                 PRESERVE8
   51 00000000                 THUMB
   52 00000000         
   53 00000000         
   54 00000000         ; Vector Table Mapped to Address 0 at Reset
   55 00000000         
   56 00000000                 AREA             RESET, DATA, READONLY
   57 00000000                 EXPORT           __Vectors
   58 00000000         
   59 00000000         ;/*
   60 00000000         ;*******************************************************
                       *************************************************
   61 00000000         ;*    IMPORT FUNCTION
   62 00000000         ;*
   63 00000000         ;*******************************************************
                       *************************************************
   64 00000000         ;*/
   65 00000000                 IMPORT           OS_CPU_PendSVHandler
   66 00000000                 IMPORT           OS_CPU_SysTickHandler
   67 00000000         
   68 00000000 00000000 
                       __Vectors
                               DCD              __initial_sp ; Top of Stack
   69 00000004 00000000        DCD              Reset_Handler ; Reset Handler
   70 00000008 00000000        DCD              NMI_Handler ; NMI Handler
   71 0000000C 00000000        DCD              HardFault_Handler ; Hard Fault 
                                                            Handler
   72 00000010 00000000        DCD              MemManage_Handler 
                                                            ; MPU Fault Handler
                                                            
   73 00000014 00000000        DCD              BusFault_Handler 
                                                            ; Bus Fault Handler
                                                            
   74 00000018 00000000        DCD              UsageFault_Handler ; Usage Faul
                                                            t Handler
   75 0000001C 00000000        DCD              0           ; Reserved
   76 00000020 00000000        DCD              0           ; Reserved
   77 00000024 00000000        DCD              0           ; Reserved
   78 00000028 00000000        DCD              0           ; Reserved
   79 0000002C 00000000        DCD              SVC_Handler ; SVCall Handler
   80 00000030 00000000        DCD              DebugMon_Handler ; Debug Monito
                                                            r Handler
   81 00000034 00000000        DCD              0           ; Reserved
   82 00000038 00000000        DCD              OS_CPU_PendSVHandler 
                                                            ; PendSV Handler
   83 0000003C 00000000        DCD              OS_CPU_SysTickHandler 
                                                            ; SysTick Handler
   84 00000040         
   85 00000040         ; External Interrupts



ARM Macro Assembler    Page 3 


   86 00000040 00000000        DCD              WDT_IRQHandler ; 16: Watchdog T
                                                            imer
   87 00000044 00000000        DCD              TIMER0_IRQHandler ; 17: Timer0
   88 00000048 00000000        DCD              TIMER1_IRQHandler ; 18: Timer1
   89 0000004C 00000000        DCD              TIMER2_IRQHandler ; 19: Timer2
   90 00000050 00000000        DCD              TIMER3_IRQHandler ; 20: Timer3
   91 00000054 00000000        DCD              UART0_IRQHandler ; 21: UART0
   92 00000058 00000000        DCD              UART1_IRQHandler ; 22: UART1
   93 0000005C 00000000        DCD              UART2_IRQHandler ; 23: UART2
   94 00000060 00000000        DCD              UART3_IRQHandler ; 24: UART3
   95 00000064 00000000        DCD              PWM1_IRQHandler ; 25: PWM1
   96 00000068 00000000        DCD              I2C0_IRQHandler ; 26: I2C0
   97 0000006C 00000000        DCD              I2C1_IRQHandler ; 27: I2C1
   98 00000070 00000000        DCD              I2C2_IRQHandler ; 28: I2C2
   99 00000074 00000000        DCD              SPI_IRQHandler ; 29: SPI
  100 00000078 00000000        DCD              SSP0_IRQHandler ; 30: SSP0
  101 0000007C 00000000        DCD              SSP1_IRQHandler ; 31: SSP1
  102 00000080 00000000        DCD              PLL0_IRQHandler ; 32: PLL0 Lock
                                                             (Main PLL)
  103 00000084 00000000        DCD              RTC_IRQHandler ; 33: Real Time 
                                                            Clock
  104 00000088 00000000        DCD              EINT0_IRQHandler ; 34: External
                                                             Interrupt 0
  105 0000008C 00000000        DCD              EINT1_IRQHandler ; 35: External
                                                             Interrupt 1
  106 00000090 00000000        DCD              EINT2_IRQHandler ; 36: External
                                                             Interrupt 2
  107 00000094 00000000        DCD              EINT3_IRQHandler ; 37: External
                                                             Interrupt 3
  108 00000098 00000000        DCD              ADC_IRQHandler 
                                                            ; 38: A/D Converter
                                                            
  109 0000009C 00000000        DCD              BOD_IRQHandler ; 39: Brown-Out 
                                                            Detect
  110 000000A0 00000000        DCD              USB_IRQHandler ; 40: USB
  111 000000A4 00000000        DCD              CAN_IRQHandler ; 41: CAN
  112 000000A8 00000000        DCD              DMA_IRQHandler ; 42: General Pu
                                                            rpose DMA
  113 000000AC 00000000        DCD              I2S_IRQHandler ; 43: I2S
  114 000000B0 00000000        DCD              ENET_IRQHandler ; 44: Ethernet
  115 000000B4 00000000        DCD              RIT_IRQHandler ; 45: Repetitive
                                                             Interrupt Timer
  116 000000B8 00000000        DCD              MCPWM_IRQHandler ; 46: Motor Co
                                                            ntrol PWM
  117 000000BC 00000000        DCD              QEI_IRQHandler ; 47: Quadrature
                                                             Encoder Interface
  118 000000C0 00000000        DCD              PLL1_IRQHandler ; 48: PLL1 Lock
                                                             (USB PLL)
  119 000000C4 00000000        DCD              USBActivity_IRQHandler ; 49: US
                                                            B Activity interrup
                                                            t to wakeup
  120 000000C8 00000000        DCD              CANActivity_IRQHandler ; 50: CA
                                                            N Activity interrup
                                                            t to wakeup
  121 000000CC         
  122 000000CC         
  123 000000CC                 IF               :LNOT::DEF:NO_CRP
  124 000000CC                 AREA             |.ARM.__at_0x02FC|, CODE, READO
NLY



ARM Macro Assembler    Page 4 


  125 00000000 FFFFFFFF 
                       CRP_Key DCD              0xFFFFFFFF
  126 00000004                 ENDIF
  127 00000004         
  128 00000004         
  129 00000004                 AREA             |.text|, CODE, READONLY
  130 00000000         
  131 00000000         
  132 00000000         ; Reset Handler
  133 00000000         
  134 00000000         Reset_Handler
                               PROC
  135 00000000                 EXPORT           Reset_Handler             [WEAK
]
  136 00000000                 IMPORT           SystemInit
  137 00000000                 IMPORT           __main
  138 00000000 4808            LDR              R0, =SystemInit
  139 00000002 4780            BLX              R0
  140 00000004 4808            LDR              R0, =__main
  141 00000006 4700            BX               R0
  142 00000008                 ENDP
  143 00000008         
  144 00000008         
  145 00000008         ; Dummy Exception Handlers (infinite loops which can be 
                       modified)
  146 00000008         
  147 00000008         NMI_Handler
                               PROC
  148 00000008                 EXPORT           NMI_Handler               [WEAK
]
  149 00000008 E7FE            B                .
  150 0000000A                 ENDP
  152 0000000A         HardFault_Handler
                               PROC
  153 0000000A                 EXPORT           HardFault_Handler         [WEAK
]
  154 0000000A E7FE            B                .
  155 0000000C                 ENDP
  157 0000000C         MemManage_Handler
                               PROC
  158 0000000C                 EXPORT           MemManage_Handler         [WEAK
]
  159 0000000C E7FE            B                .
  160 0000000E                 ENDP
  162 0000000E         BusFault_Handler
                               PROC
  163 0000000E                 EXPORT           BusFault_Handler          [WEAK
]
  164 0000000E E7FE            B                .
  165 00000010                 ENDP
  167 00000010         UsageFault_Handler
                               PROC
  168 00000010                 EXPORT           UsageFault_Handler        [WEAK
]
  169 00000010 E7FE            B                .
  170 00000012                 ENDP
  171 00000012         SVC_Handler
                               PROC
  172 00000012                 EXPORT           SVC_Handler               [WEAK



ARM Macro Assembler    Page 5 


]
  173 00000012 E7FE            B                .
  174 00000014                 ENDP
  176 00000014         DebugMon_Handler
                               PROC
  177 00000014                 EXPORT           DebugMon_Handler          [WEAK
]
  178 00000014 E7FE            B                .
  179 00000016                 ENDP
  180 00000016         ;PendSV_Handler  PROC
  181 00000016         ;                EXPORT  PendSV_Handler            [WEAK
                       ]
  182 00000016         ;                B       .
  183 00000016         ;                ENDP
  184 00000016         ;SysTick_Handler PROC
  185 00000016         ;                EXPORT  SysTick_Handler           [WEAK
                       ]
  186 00000016         ;                B       .
  187 00000016         ;                ENDP
  188 00000016         
  189 00000016         Default_Handler
                               PROC
  190 00000016         
  191 00000016                 EXPORT           WDT_IRQHandler            [WEAK
]
  192 00000016                 EXPORT           TIMER0_IRQHandler         [WEAK
]
  193 00000016                 EXPORT           TIMER1_IRQHandler         [WEAK
]
  194 00000016                 EXPORT           TIMER2_IRQHandler         [WEAK
]
  195 00000016                 EXPORT           TIMER3_IRQHandler         [WEAK
]
  196 00000016                 EXPORT           UART0_IRQHandler          [WEAK
]
  197 00000016                 EXPORT           UART1_IRQHandler          [WEAK
]
  198 00000016                 EXPORT           UART2_IRQHandler          [WEAK
]
  199 00000016                 EXPORT           UART3_IRQHandler          [WEAK
]
  200 00000016                 EXPORT           PWM1_IRQHandler           [WEAK
]
  201 00000016                 EXPORT           I2C0_IRQHandler           [WEAK
]
  202 00000016                 EXPORT           I2C1_IRQHandler           [WEAK
]
  203 00000016                 EXPORT           I2C2_IRQHandler           [WEAK
]
  204 00000016                 EXPORT           SPI_IRQHandler            [WEAK
]
  205 00000016                 EXPORT           SSP0_IRQHandler           [WEAK
]
  206 00000016                 EXPORT           SSP1_IRQHandler           [WEAK
]
  207 00000016                 EXPORT           PLL0_IRQHandler           [WEAK
]
  208 00000016                 EXPORT           RTC_IRQHandler            [WEAK
]



ARM Macro Assembler    Page 6 


  209 00000016                 EXPORT           EINT0_IRQHandler          [WEAK
]
  210 00000016                 EXPORT           EINT1_IRQHandler          [WEAK
]
  211 00000016                 EXPORT           EINT2_IRQHandler          [WEAK
]
  212 00000016                 EXPORT           EINT3_IRQHandler          [WEAK
]
  213 00000016                 EXPORT           ADC_IRQHandler            [WEAK
]
  214 00000016                 EXPORT           BOD_IRQHandler            [WEAK
]
  215 00000016                 EXPORT           USB_IRQHandler            [WEAK
]
  216 00000016                 EXPORT           CAN_IRQHandler            [WEAK
]
  217 00000016                 EXPORT           DMA_IRQHandler            [WEAK
]
  218 00000016                 EXPORT           I2S_IRQHandler            [WEAK
]
  219 00000016                 EXPORT           ENET_IRQHandler           [WEAK
]
  220 00000016                 EXPORT           RIT_IRQHandler            [WEAK
]
  221 00000016                 EXPORT           MCPWM_IRQHandler          [WEAK
]
  222 00000016                 EXPORT           QEI_IRQHandler            [WEAK
]
  223 00000016                 EXPORT           PLL1_IRQHandler           [WEAK
]
  224 00000016                 EXPORT           USBActivity_IRQHandler    [WEAK
]
  225 00000016                 EXPORT           CANActivity_IRQHandler    [WEAK
]
  226 00000016         
  227 00000016         WDT_IRQHandler
  228 00000016         TIMER0_IRQHandler
  229 00000016         TIMER1_IRQHandler
  230 00000016         TIMER2_IRQHandler
  231 00000016         TIMER3_IRQHandler
  232 00000016         UART0_IRQHandler
  233 00000016         UART1_IRQHandler
  234 00000016         UART2_IRQHandler
  235 00000016         UART3_IRQHandler
  236 00000016         PWM1_IRQHandler
  237 00000016         I2C0_IRQHandler
  238 00000016         I2C1_IRQHandler
  239 00000016         I2C2_IRQHandler
  240 00000016         SPI_IRQHandler
  241 00000016         SSP0_IRQHandler
  242 00000016         SSP1_IRQHandler
  243 00000016         PLL0_IRQHandler
  244 00000016         RTC_IRQHandler
  245 00000016         EINT0_IRQHandler
  246 00000016         EINT1_IRQHandler
  247 00000016         EINT2_IRQHandler
  248 00000016         EINT3_IRQHandler
  249 00000016         ADC_IRQHandler
  250 00000016         BOD_IRQHandler



ARM Macro Assembler    Page 7 


  251 00000016         USB_IRQHandler
  252 00000016         CAN_IRQHandler
  253 00000016         DMA_IRQHandler
  254 00000016         I2S_IRQHandler
  255 00000016         ENET_IRQHandler
  256 00000016         RIT_IRQHandler
  257 00000016         MCPWM_IRQHandler
  258 00000016         QEI_IRQHandler
  259 00000016         PLL1_IRQHandler
  260 00000016         USBActivity_IRQHandler
  261 00000016         CANActivity_IRQHandler
  262 00000016         
  263 00000016 E7FE            B                .
  264 00000018         
  265 00000018                 ENDP
  266 00000018         
  267 00000018         
  268 00000018                 ALIGN
  269 00000018         
  270 00000018         
  271 00000018         ; User Initial Stack & Heap
  272 00000018         
  273 00000018                 IF               :DEF:__MICROLIB
  280 00000018         
  281 00000018                 IMPORT           __use_two_region_memory
  282 00000018                 EXPORT           __user_initial_stackheap
  283 00000018         __user_initial_stackheap
  284 00000018         
  285 00000018 4804            LDR              R0, =  Heap_Mem
  286 0000001A 4905            LDR              R1, =(Stack_Mem + Stack_Size)
  287 0000001C 4A03            LDR              R2, = (Heap_Mem +  Heap_Size)
  288 0000001E 4B05            LDR              R3, = Stack_Mem
  289 00000020 4770            BX               LR
  290 00000022         
  291 00000022 00 00           ALIGN
  292 00000024         
  293 00000024                 ENDIF
  294 00000024         
  295 00000024         
  296 00000024                 END
              00000000 
              00000000 
              00000000 
              00000200 
              00000000 
Command Line: --debug --xref --cpu=Cortex-M3 --apcs=interwork --depend=.\DebugI
nFlash\startup_LPC17xx.d -o.\DebugInFlash\startup_LPC17xx.o -ID:\Keil\MDK4\ARM\
CMSIS\Include -ID:\Keil\MDK4\ARM\INC\NXP\LPC17xx --list=.\lst\startup_LPC17xx.l
st ..\CSP\Startup\startup_LPC17xx.s



ARM Macro Assembler    Page 1 Alphabetic symbol ordering
Relocatable symbols

STACK 00000000

Symbol: STACK
   Definitions
      At line 33 in file ..\CSP\Startup\startup_LPC17xx.s
   Uses
      None
Comment: STACK unused
Stack_Mem 00000000

Symbol: Stack_Mem
   Definitions
      At line 34 in file ..\CSP\Startup\startup_LPC17xx.s
   Uses
      At line 286 in file ..\CSP\Startup\startup_LPC17xx.s
      At line 288 in file ..\CSP\Startup\startup_LPC17xx.s

__initial_sp 00000200

Symbol: __initial_sp
   Definitions
      At line 35 in file ..\CSP\Startup\startup_LPC17xx.s
   Uses
      At line 68 in file ..\CSP\Startup\startup_LPC17xx.s
Comment: __initial_sp used once
3 symbols



ARM Macro Assembler    Page 1 Alphabetic symbol ordering
Relocatable symbols

HEAP 00000000

Symbol: HEAP
   Definitions
      At line 44 in file ..\CSP\Startup\startup_LPC17xx.s
   Uses
      None
Comment: HEAP unused
Heap_Mem 00000000

Symbol: Heap_Mem
   Definitions
      At line 46 in file ..\CSP\Startup\startup_LPC17xx.s
   Uses
      At line 285 in file ..\CSP\Startup\startup_LPC17xx.s
      At line 287 in file ..\CSP\Startup\startup_LPC17xx.s

__heap_base 00000000

Symbol: __heap_base
   Definitions
      At line 45 in file ..\CSP\Startup\startup_LPC17xx.s
   Uses
      None
Comment: __heap_base unused
__heap_limit 00000000

Symbol: __heap_limit
   Definitions
      At line 47 in file ..\CSP\Startup\startup_LPC17xx.s
   Uses
      None
Comment: __heap_limit unused
4 symbols



ARM Macro Assembler    Page 1 Alphabetic symbol ordering
Relocatable symbols

RESET 00000000

Symbol: RESET
   Definitions
      At line 56 in file ..\CSP\Startup\startup_LPC17xx.s
   Uses
      None
Comment: RESET unused
__Vectors 00000000

Symbol: __Vectors
   Definitions
      At line 68 in file ..\CSP\Startup\startup_LPC17xx.s
   Uses
      At line 57 in file ..\CSP\Startup\startup_LPC17xx.s
Comment: __Vectors used once
2 symbols



ARM Macro Assembler    Page 1 Alphabetic symbol ordering
Relocatable symbols

.ARM.__at_0x02FC 00000000

Symbol: .ARM.__at_0x02FC
   Definitions
      At line 124 in file ..\CSP\Startup\startup_LPC17xx.s
   Uses
      None
Comment: .ARM.__at_0x02FC unused
CRP_Key 00000000

Symbol: CRP_Key
   Definitions
      At line 125 in file ..\CSP\Startup\startup_LPC17xx.s
   Uses
      None
Comment: CRP_Key unused
2 symbols



ARM Macro Assembler    Page 1 Alphabetic symbol ordering
Relocatable symbols

.text 00000000

Symbol: .text
   Definitions
      At line 129 in file ..\CSP\Startup\startup_LPC17xx.s
   Uses
      None
Comment: .text unused
ADC_IRQHandler 00000016

Symbol: ADC_IRQHandler
   Definitions
      At line 249 in file ..\CSP\Startup\startup_LPC17xx.s
   Uses
      At line 108 in file ..\CSP\Startup\startup_LPC17xx.s
      At line 213 in file ..\CSP\Startup\startup_LPC17xx.s

BOD_IRQHandler 00000016

Symbol: BOD_IRQHandler
   Definitions
      At line 250 in file ..\CSP\Startup\startup_LPC17xx.s
   Uses
      At line 109 in file ..\CSP\Startup\startup_LPC17xx.s
      At line 214 in file ..\CSP\Startup\startup_LPC17xx.s

BusFault_Handler 0000000E

Symbol: BusFault_Handler
   Definitions
      At line 162 in file ..\CSP\Startup\startup_LPC17xx.s
   Uses
      At line 73 in file ..\CSP\Startup\startup_LPC17xx.s
      At line 163 in file ..\CSP\Startup\startup_LPC17xx.s

CANActivity_IRQHandler 00000016

Symbol: CANActivity_IRQHandler
   Definitions
      At line 261 in file ..\CSP\Startup\startup_LPC17xx.s
   Uses
      At line 120 in file ..\CSP\Startup\startup_LPC17xx.s
      At line 225 in file ..\CSP\Startup\startup_LPC17xx.s

CAN_IRQHandler 00000016

Symbol: CAN_IRQHandler
   Definitions
      At line 252 in file ..\CSP\Startup\startup_LPC17xx.s
   Uses
      At line 111 in file ..\CSP\Startup\startup_LPC17xx.s
      At line 216 in file ..\CSP\Startup\startup_LPC17xx.s

DMA_IRQHandler 00000016

Symbol: DMA_IRQHandler
   Definitions
      At line 253 in file ..\CSP\Startup\startup_LPC17xx.s
   Uses



ARM Macro Assembler    Page 2 Alphabetic symbol ordering
Relocatable symbols

      At line 112 in file ..\CSP\Startup\startup_LPC17xx.s
      At line 217 in file ..\CSP\Startup\startup_LPC17xx.s

DebugMon_Handler 00000014

Symbol: DebugMon_Handler
   Definitions
      At line 176 in file ..\CSP\Startup\startup_LPC17xx.s
   Uses
      At line 80 in file ..\CSP\Startup\startup_LPC17xx.s
      At line 177 in file ..\CSP\Startup\startup_LPC17xx.s

Default_Handler 00000016

Symbol: Default_Handler
   Definitions
      At line 189 in file ..\CSP\Startup\startup_LPC17xx.s
   Uses
      None
Comment: Default_Handler unused
EINT0_IRQHandler 00000016

Symbol: EINT0_IRQHandler
   Definitions
      At line 245 in file ..\CSP\Startup\startup_LPC17xx.s
   Uses
      At line 104 in file ..\CSP\Startup\startup_LPC17xx.s
      At line 209 in file ..\CSP\Startup\startup_LPC17xx.s

EINT1_IRQHandler 00000016

Symbol: EINT1_IRQHandler
   Definitions
      At line 246 in file ..\CSP\Startup\startup_LPC17xx.s
   Uses
      At line 105 in file ..\CSP\Startup\startup_LPC17xx.s
      At line 210 in file ..\CSP\Startup\startup_LPC17xx.s

EINT2_IRQHandler 00000016

Symbol: EINT2_IRQHandler
   Definitions
      At line 247 in file ..\CSP\Startup\startup_LPC17xx.s
   Uses
      At line 106 in file ..\CSP\Startup\startup_LPC17xx.s
      At line 211 in file ..\CSP\Startup\startup_LPC17xx.s

EINT3_IRQHandler 00000016

Symbol: EINT3_IRQHandler
   Definitions
      At line 248 in file ..\CSP\Startup\startup_LPC17xx.s
   Uses
      At line 107 in file ..\CSP\Startup\startup_LPC17xx.s
      At line 212 in file ..\CSP\Startup\startup_LPC17xx.s

ENET_IRQHandler 00000016

Symbol: ENET_IRQHandler



ARM Macro Assembler    Page 3 Alphabetic symbol ordering
Relocatable symbols

   Definitions
      At line 255 in file ..\CSP\Startup\startup_LPC17xx.s
   Uses
      At line 114 in file ..\CSP\Startup\startup_LPC17xx.s
      At line 219 in file ..\CSP\Startup\startup_LPC17xx.s

HardFault_Handler 0000000A

Symbol: HardFault_Handler
   Definitions
      At line 152 in file ..\CSP\Startup\startup_LPC17xx.s
   Uses
      At line 71 in file ..\CSP\Startup\startup_LPC17xx.s
      At line 153 in file ..\CSP\Startup\startup_LPC17xx.s

I2C0_IRQHandler 00000016

Symbol: I2C0_IRQHandler
   Definitions
      At line 237 in file ..\CSP\Startup\startup_LPC17xx.s
   Uses
      At line 96 in file ..\CSP\Startup\startup_LPC17xx.s
      At line 201 in file ..\CSP\Startup\startup_LPC17xx.s

I2C1_IRQHandler 00000016

Symbol: I2C1_IRQHandler
   Definitions
      At line 238 in file ..\CSP\Startup\startup_LPC17xx.s
   Uses
      At line 97 in file ..\CSP\Startup\startup_LPC17xx.s
      At line 202 in file ..\CSP\Startup\startup_LPC17xx.s

I2C2_IRQHandler 00000016

Symbol: I2C2_IRQHandler
   Definitions
      At line 239 in file ..\CSP\Startup\startup_LPC17xx.s
   Uses
      At line 98 in file ..\CSP\Startup\startup_LPC17xx.s
      At line 203 in file ..\CSP\Startup\startup_LPC17xx.s

I2S_IRQHandler 00000016

Symbol: I2S_IRQHandler
   Definitions
      At line 254 in file ..\CSP\Startup\startup_LPC17xx.s
   Uses
      At line 113 in file ..\CSP\Startup\startup_LPC17xx.s
      At line 218 in file ..\CSP\Startup\startup_LPC17xx.s

MCPWM_IRQHandler 00000016

Symbol: MCPWM_IRQHandler
   Definitions
      At line 257 in file ..\CSP\Startup\startup_LPC17xx.s
   Uses
      At line 116 in file ..\CSP\Startup\startup_LPC17xx.s
      At line 221 in file ..\CSP\Startup\startup_LPC17xx.s



ARM Macro Assembler    Page 4 Alphabetic symbol ordering
Relocatable symbols


MemManage_Handler 0000000C

Symbol: MemManage_Handler
   Definitions
      At line 157 in file ..\CSP\Startup\startup_LPC17xx.s
   Uses
      At line 72 in file ..\CSP\Startup\startup_LPC17xx.s
      At line 158 in file ..\CSP\Startup\startup_LPC17xx.s

NMI_Handler 00000008

Symbol: NMI_Handler
   Definitions
      At line 147 in file ..\CSP\Startup\startup_LPC17xx.s
   Uses
      At line 70 in file ..\CSP\Startup\startup_LPC17xx.s
      At line 148 in file ..\CSP\Startup\startup_LPC17xx.s

PLL0_IRQHandler 00000016

Symbol: PLL0_IRQHandler
   Definitions
      At line 243 in file ..\CSP\Startup\startup_LPC17xx.s
   Uses
      At line 102 in file ..\CSP\Startup\startup_LPC17xx.s
      At line 207 in file ..\CSP\Startup\startup_LPC17xx.s

PLL1_IRQHandler 00000016

Symbol: PLL1_IRQHandler
   Definitions
      At line 259 in file ..\CSP\Startup\startup_LPC17xx.s
   Uses
      At line 118 in file ..\CSP\Startup\startup_LPC17xx.s
      At line 223 in file ..\CSP\Startup\startup_LPC17xx.s

PWM1_IRQHandler 00000016

Symbol: PWM1_IRQHandler
   Definitions
      At line 236 in file ..\CSP\Startup\startup_LPC17xx.s
   Uses
      At line 95 in file ..\CSP\Startup\startup_LPC17xx.s
      At line 200 in file ..\CSP\Startup\startup_LPC17xx.s

QEI_IRQHandler 00000016

Symbol: QEI_IRQHandler
   Definitions
      At line 258 in file ..\CSP\Startup\startup_LPC17xx.s
   Uses
      At line 117 in file ..\CSP\Startup\startup_LPC17xx.s
      At line 222 in file ..\CSP\Startup\startup_LPC17xx.s

RIT_IRQHandler 00000016

Symbol: RIT_IRQHandler
   Definitions



ARM Macro Assembler    Page 5 Alphabetic symbol ordering
Relocatable symbols

      At line 256 in file ..\CSP\Startup\startup_LPC17xx.s
   Uses
      At line 115 in file ..\CSP\Startup\startup_LPC17xx.s
      At line 220 in file ..\CSP\Startup\startup_LPC17xx.s

RTC_IRQHandler 00000016

Symbol: RTC_IRQHandler
   Definitions
      At line 244 in file ..\CSP\Startup\startup_LPC17xx.s
   Uses
      At line 103 in file ..\CSP\Startup\startup_LPC17xx.s
      At line 208 in file ..\CSP\Startup\startup_LPC17xx.s

Reset_Handler 00000000

Symbol: Reset_Handler
   Definitions
      At line 134 in file ..\CSP\Startup\startup_LPC17xx.s
   Uses
      At line 69 in file ..\CSP\Startup\startup_LPC17xx.s
      At line 135 in file ..\CSP\Startup\startup_LPC17xx.s

SPI_IRQHandler 00000016

Symbol: SPI_IRQHandler
   Definitions
      At line 240 in file ..\CSP\Startup\startup_LPC17xx.s
   Uses
      At line 99 in file ..\CSP\Startup\startup_LPC17xx.s
      At line 204 in file ..\CSP\Startup\startup_LPC17xx.s

SSP0_IRQHandler 00000016

Symbol: SSP0_IRQHandler
   Definitions
      At line 241 in file ..\CSP\Startup\startup_LPC17xx.s
   Uses
      At line 100 in file ..\CSP\Startup\startup_LPC17xx.s
      At line 205 in file ..\CSP\Startup\startup_LPC17xx.s

SSP1_IRQHandler 00000016

Symbol: SSP1_IRQHandler
   Definitions
      At line 242 in file ..\CSP\Startup\startup_LPC17xx.s
   Uses
      At line 101 in file ..\CSP\Startup\startup_LPC17xx.s
      At line 206 in file ..\CSP\Startup\startup_LPC17xx.s

SVC_Handler 00000012

Symbol: SVC_Handler
   Definitions
      At line 171 in file ..\CSP\Startup\startup_LPC17xx.s
   Uses
      At line 79 in file ..\CSP\Startup\startup_LPC17xx.s
      At line 172 in file ..\CSP\Startup\startup_LPC17xx.s




ARM Macro Assembler    Page 6 Alphabetic symbol ordering
Relocatable symbols

TIMER0_IRQHandler 00000016

Symbol: TIMER0_IRQHandler
   Definitions
      At line 228 in file ..\CSP\Startup\startup_LPC17xx.s
   Uses
      At line 87 in file ..\CSP\Startup\startup_LPC17xx.s
      At line 192 in file ..\CSP\Startup\startup_LPC17xx.s

TIMER1_IRQHandler 00000016

Symbol: TIMER1_IRQHandler
   Definitions
      At line 229 in file ..\CSP\Startup\startup_LPC17xx.s
   Uses
      At line 88 in file ..\CSP\Startup\startup_LPC17xx.s
      At line 193 in file ..\CSP\Startup\startup_LPC17xx.s

TIMER2_IRQHandler 00000016

Symbol: TIMER2_IRQHandler
   Definitions
      At line 230 in file ..\CSP\Startup\startup_LPC17xx.s
   Uses
      At line 89 in file ..\CSP\Startup\startup_LPC17xx.s
      At line 194 in file ..\CSP\Startup\startup_LPC17xx.s

TIMER3_IRQHandler 00000016

Symbol: TIMER3_IRQHandler
   Definitions
      At line 231 in file ..\CSP\Startup\startup_LPC17xx.s
   Uses
      At line 90 in file ..\CSP\Startup\startup_LPC17xx.s
      At line 195 in file ..\CSP\Startup\startup_LPC17xx.s

UART0_IRQHandler 00000016

Symbol: UART0_IRQHandler
   Definitions
      At line 232 in file ..\CSP\Startup\startup_LPC17xx.s
   Uses
      At line 91 in file ..\CSP\Startup\startup_LPC17xx.s
      At line 196 in file ..\CSP\Startup\startup_LPC17xx.s

UART1_IRQHandler 00000016

Symbol: UART1_IRQHandler
   Definitions
      At line 233 in file ..\CSP\Startup\startup_LPC17xx.s
   Uses
      At line 92 in file ..\CSP\Startup\startup_LPC17xx.s
      At line 197 in file ..\CSP\Startup\startup_LPC17xx.s

UART2_IRQHandler 00000016

Symbol: UART2_IRQHandler
   Definitions
      At line 234 in file ..\CSP\Startup\startup_LPC17xx.s



ARM Macro Assembler    Page 7 Alphabetic symbol ordering
Relocatable symbols

   Uses
      At line 93 in file ..\CSP\Startup\startup_LPC17xx.s
      At line 198 in file ..\CSP\Startup\startup_LPC17xx.s

UART3_IRQHandler 00000016

Symbol: UART3_IRQHandler
   Definitions
      At line 235 in file ..\CSP\Startup\startup_LPC17xx.s
   Uses
      At line 94 in file ..\CSP\Startup\startup_LPC17xx.s
      At line 199 in file ..\CSP\Startup\startup_LPC17xx.s

USBActivity_IRQHandler 00000016

Symbol: USBActivity_IRQHandler
   Definitions
      At line 260 in file ..\CSP\Startup\startup_LPC17xx.s
   Uses
      At line 119 in file ..\CSP\Startup\startup_LPC17xx.s
      At line 224 in file ..\CSP\Startup\startup_LPC17xx.s

USB_IRQHandler 00000016

Symbol: USB_IRQHandler
   Definitions
      At line 251 in file ..\CSP\Startup\startup_LPC17xx.s
   Uses
      At line 110 in file ..\CSP\Startup\startup_LPC17xx.s
      At line 215 in file ..\CSP\Startup\startup_LPC17xx.s

UsageFault_Handler 00000010

Symbol: UsageFault_Handler
   Definitions
      At line 167 in file ..\CSP\Startup\startup_LPC17xx.s
   Uses
      At line 74 in file ..\CSP\Startup\startup_LPC17xx.s
      At line 168 in file ..\CSP\Startup\startup_LPC17xx.s

WDT_IRQHandler 00000016

Symbol: WDT_IRQHandler
   Definitions
      At line 227 in file ..\CSP\Startup\startup_LPC17xx.s
   Uses
      At line 86 in file ..\CSP\Startup\startup_LPC17xx.s
      At line 191 in file ..\CSP\Startup\startup_LPC17xx.s

__user_initial_stackheap 00000018

Symbol: __user_initial_stackheap
   Definitions
      At line 283 in file ..\CSP\Startup\startup_LPC17xx.s
   Uses
      At line 282 in file ..\CSP\Startup\startup_LPC17xx.s
Comment: __user_initial_stackheap used once
46 symbols



ARM Macro Assembler    Page 1 Alphabetic symbol ordering
Absolute symbols

Heap_Size 00000000

Symbol: Heap_Size
   Definitions
      At line 42 in file ..\CSP\Startup\startup_LPC17xx.s
   Uses
      At line 46 in file ..\CSP\Startup\startup_LPC17xx.s
      At line 287 in file ..\CSP\Startup\startup_LPC17xx.s

Stack_Size 00000200

Symbol: Stack_Size
   Definitions
      At line 31 in file ..\CSP\Startup\startup_LPC17xx.s
   Uses
      At line 34 in file ..\CSP\Startup\startup_LPC17xx.s
      At line 286 in file ..\CSP\Startup\startup_LPC17xx.s

2 symbols



ARM Macro Assembler    Page 1 Alphabetic symbol ordering
External symbols

OS_CPU_PendSVHandler 00000000

Symbol: OS_CPU_PendSVHandler
   Definitions
      At line 65 in file ..\CSP\Startup\startup_LPC17xx.s
   Uses
      At line 82 in file ..\CSP\Startup\startup_LPC17xx.s
Comment: OS_CPU_PendSVHandler used once
OS_CPU_SysTickHandler 00000000

Symbol: OS_CPU_SysTickHandler
   Definitions
      At line 66 in file ..\CSP\Startup\startup_LPC17xx.s
   Uses
      At line 83 in file ..\CSP\Startup\startup_LPC17xx.s
Comment: OS_CPU_SysTickHandler used once
SystemInit 00000000

Symbol: SystemInit
   Definitions
      At line 136 in file ..\CSP\Startup\startup_LPC17xx.s
   Uses
      At line 138 in file ..\CSP\Startup\startup_LPC17xx.s
Comment: SystemInit used once
__main 00000000

Symbol: __main
   Definitions
      At line 137 in file ..\CSP\Startup\startup_LPC17xx.s
   Uses
      At line 140 in file ..\CSP\Startup\startup_LPC17xx.s
Comment: __main used once
__use_two_region_memory 00000000

Symbol: __use_two_region_memory
   Definitions
      At line 281 in file ..\CSP\Startup\startup_LPC17xx.s
   Uses
      None
Comment: __use_two_region_memory unused
5 symbols
400 symbols in table
